[2025-12-06T23:54:26.700402+01:00] library_app.CRITICAL: ERREUR CRITIQUE: Vue manquante. {"view_path":"C:\\xampp\\htdocs\\library-management-system\\app\\views\\auth/login.php"} []
[2025-12-06T23:57:57.145206+01:00] library_app.WARNING: Échec de connexion. {"attempted_username":"admin","ip_address":"::1"} []
[2025-12-06T23:58:01.270634+01:00] library_app.WARNING: Échec de connexion. {"attempted_username":"admin","ip_address":"::1"} []
[2025-12-06T23:58:08.003690+01:00] library_app.WARNING: Échec de connexion. {"attempted_username":"admin","ip_address":"::1"} []
[2025-12-07T00:00:17.426797+01:00] library_app.WARNING: Échec de connexion. {"attempted_username":"admin","ip_address":"::1"} []
[2025-12-07T00:01:58.153437+01:00] library_app.DEBUG: User Found. Starting password verification. {"username_db":"admin","hashed_stored":"$2y$10$7/O9IeD9O3x1G...","password_attempted_length":8} []
[2025-12-07T00:01:58.199748+01:00] library_app.WARNING: Login Failed: Password verification failed for 'admin'. [] []
[2025-12-07T00:01:58.199815+01:00] library_app.WARNING: Échec de connexion. {"attempted_username":"admin","ip_address":"::1"} []
[2025-12-07T00:02:35.474477+01:00] library_app.WARNING: Login Failed: Password verification failed for 'admin'. [] []
[2025-12-07T00:02:35.475764+01:00] library_app.WARNING: Échec de connexion. {"attempted_username":"admin","ip_address":"::1"} []
[2025-12-07T00:02:39.976937+01:00] library_app.WARNING: Login Failed: Password verification failed for 'admin'. [] []
[2025-12-07T00:02:39.977913+01:00] library_app.WARNING: Échec de connexion. {"attempted_username":"admin","ip_address":"::1"} []
[2025-12-07T00:07:57.240351+01:00] library_app.WARNING: Échec de connexion (sans DB). {"attempted_username":"admin","ip_address":"::1"} []
[2025-12-07T00:07:57.241576+01:00] library_app.CRITICAL: ERREUR CRITIQUE: Vue manquante. {"view_path":"C:\\xampp\\htdocs\\library-management-system\\app\\views\\auth/login.php"} []
[2025-12-07T00:08:43.944783+01:00] library_app.WARNING: Échec de connexion (sans DB). {"attempted_username":"admin","ip_address":"::1"} []
[2025-12-07T00:08:47.163115+01:00] library_app.WARNING: Échec de connexion (sans DB). {"attempted_username":"admin","ip_address":"::1"} []
[2025-12-07T00:08:51.887087+01:00] library_app.WARNING: Échec de connexion (sans DB). {"attempted_username":"admin","ip_address":"::1"} []
[2025-12-07T00:11:39.050548+01:00] library_app.CRITICAL: Connexion Administrateur réussie sans modèle DB. {"user_id":1,"username":"admin","ip_address":"::1"} []
[2025-12-07T00:11:47.612217+01:00] library_app.CRITICAL: Connexion Administrateur réussie sans modèle DB. {"user_id":1,"username":"admin","ip_address":"::1"} []
[2025-12-07T00:12:48.834375+01:00] library_app.WARNING: Échec de connexion (sans DB). {"attempted_username":"admin","ip_address":"::1"} []
[2025-12-07T00:12:53.816199+01:00] library_app.WARNING: Échec de connexion (sans DB). {"attempted_username":"admin","ip_address":"::1"} []
[2025-12-15T21:27:44.290543+01:00] library_app.CRITICAL: Connexion Administrateur réussie sans modèle DB. {"user_id":1,"username":"admin","ip_address":"::1"} []
[2025-12-15T21:37:34.258576+01:00] library_app.INFO: Livre emprunté avec succès. Stock mis à jour. {"action":"ISSUE_SUCCESS","book_id":"5","member_id":"5"} []
